<?xml version="1.0" encoding="UTF-8"?>
<testsuite name="co.com.choucair.certificaction.proyectobase.tasks.SearchTest" tests="2" skipped="0" failures="0" errors="0" timestamp="2021-08-19T16:35:20" hostname="DESKTOP-NFSR68K" time="0.001">
  <properties/>
  <testcase name="testThe" classname="co.com.choucair.certificaction.proyectobase.tasks.SearchTest" time="0.001"/>
  <testcase name="testPerformAs" classname="co.com.choucair.certificaction.proyectobase.tasks.SearchTest" time="0.0"/>
  <system-out><![CDATA[]]></system-out>
  <system-err><![CDATA[]]></system-err>
</testsuite>
